INFO [auth::token] [2021-07-15T16:23:32.984912+09:00][INFO][60750 main][auth::token][Some("shared/auth/src/token/mod.rs")][Some(41)] token path: /Users/kazuki/Library/Preferences/TabNine/tabnine.token
WARN [auth::user] [2021-07-15T16:23:32.990489+09:00][WARN][60750 main][auth::user][Some("shared/auth/src/user/mod.rs")][Some(403)] No user token available: No such file or directory (os error 2)
INFO [TabNine::main_utils] [2021-07-15T16:23:32.991600+09:00][INFO][60750 main][TabNine::main_utils][Some("tabnine/frontend/src/main_utils.rs")][Some(182)] /Users/kazuki/Library/Application Support/Code - Insiders/User/globalStorage/tabnine.tabnine-vscode/binaries/3.5.27/x86_64-apple-darwin/TabNine --client=vscode --no-lsp=true --log-file-path=$HOME/.vscodefiles-60041 --client-metadata clientVersion=1.59.0-insider pluginVersion=3.4.13 t9-vscode-AutoImportEnabled=true t9-vscode-TSAutoImportEnabled=true t9-vscode-JSAutoImportEnabled=true vscode-telemetry-enabled=true vscode-remote=false vscode-remote-name=undefined vscode-extension-kind=1 vscode-theme-name=gruvboxConcoctis dark hard vscode-theme-kind=Dark vscode-machine-id=fa738ff70e5625b71746d51f2ff5571ab896707edda25caddfcd8579d8868fcb vscode-is-new-app-install=false vscode-session-id=b49052ca-ea24-457c-b2b4-d24933f097f71626333808333 vscode-language=en vscode-app-name=Visual Studio Code - Insiders vscode-beta-channel-enabled=true vscode-status-customization=unknown ide-restart-counter=0
INFO [watchdog_api::wd_client] [2021-07-15T16:23:33.071124+09:00][INFO][60750 main][watchdog_api::wd_client][Some("shared/wd_api/src/wd_client.rs")][Some(74)] Initializing watchdog client...
INFO [watchdog_api::wd_client] [2021-07-15T16:23:33.101625+09:00][INFO][60750 main][watchdog_api::wd_client][Some("shared/wd_api/src/wd_client.rs")][Some(216)] Starting watchdog...
INFO [watchdog_api::wd_client] [2021-07-15T16:23:33.138459+09:00][INFO][60750 bs_main_autobarker][watchdog_api::wd_client][Some("shared/wd_api/src/wd_client.rs")][Some(216)] Starting watchdog...
INFO [TabNine::bootstrap_support] [2021-07-15T16:23:33.143766+09:00][INFO][60750 bootstrapper_main_run_loop][TabNine::bootstrap_support][Some("tabnine/frontend/src/bootstrap_support.rs")][Some(196)] trying to start tabnine version Some("3.5.27")
INFO [TabNine::bootstrap_support] [2021-07-15T16:23:33.143991+09:00][INFO][60750 bootstrapper_main_run_loop][TabNine::bootstrap_support][Some("tabnine/frontend/src/bootstrap_support.rs")][Some(287)] spawning tabnine with args ["/Users/kazuki/Library/Application Support/Code - Insiders/User/globalStorage/tabnine.tabnine-vscode/binaries/3.5.27/x86_64-apple-darwin/TabNine", "--client=vscode", "--no-lsp=true", "--log-file-path=$HOME/.vscodefiles-60041", "--client-metadata", "clientVersion=1.59.0-insider", "pluginVersion=3.4.13", "t9-vscode-AutoImportEnabled=true", "t9-vscode-TSAutoImportEnabled=true", "t9-vscode-JSAutoImportEnabled=true", "vscode-telemetry-enabled=true", "vscode-remote=false", "vscode-remote-name=undefined", "vscode-extension-kind=1", "vscode-theme-name=gruvboxConcoctis dark hard", "vscode-theme-kind=Dark", "vscode-machine-id=fa738ff70e5625b71746d51f2ff5571ab896707edda25caddfcd8579d8868fcb", "vscode-is-new-app-install=false", "vscode-session-id=b49052ca-ea24-457c-b2b4-d24933f097f71626333808333", "vscode-language=en", "vscode-app-name=Visual Studio Code - Insiders", "vscode-beta-channel-enabled=true", "vscode-status-customization=unknown", "ide-restart-counter=0", "--no_bootstrap"]
INFO [TabNine::bootstrap_support] [2021-07-15T16:23:33.145545+09:00][INFO][60750 bootstrapper_main_run_loop][TabNine::bootstrap_support][Some("tabnine/frontend/src/bootstrap_support.rs")][Some(291)] started tabnine process pid 60783 version Some("3.5.27"), desired version was Some("3.5.27") this version is Some("3.5.27")
INFO [auth::token] [2021-07-15T16:23:33.159095+09:00][INFO][60783 main][auth::token][Some("shared/auth/src/token/mod.rs")][Some(41)] token path: /Users/kazuki/Library/Preferences/TabNine/tabnine.token
WARN [auth::user] [2021-07-15T16:23:33.160721+09:00][WARN][60783 main][auth::user][Some("shared/auth/src/user/mod.rs")][Some(403)] No user token available: No such file or directory (os error 2)
INFO [TabNine::main_utils] [2021-07-15T16:23:33.160840+09:00][INFO][60783 main][TabNine::main_utils][Some("tabnine/frontend/src/main_utils.rs")][Some(182)] /Users/kazuki/Library/Application Support/Code - Insiders/User/globalStorage/tabnine.tabnine-vscode/binaries/3.5.27/x86_64-apple-darwin/TabNine --client=vscode --no-lsp=true --log-file-path=$HOME/.vscodefiles-60041 --client-metadata clientVersion=1.59.0-insider pluginVersion=3.4.13 t9-vscode-AutoImportEnabled=true t9-vscode-TSAutoImportEnabled=true t9-vscode-JSAutoImportEnabled=true vscode-telemetry-enabled=true vscode-remote=false vscode-remote-name=undefined vscode-extension-kind=1 vscode-theme-name=gruvboxConcoctis dark hard vscode-theme-kind=Dark vscode-machine-id=fa738ff70e5625b71746d51f2ff5571ab896707edda25caddfcd8579d8868fcb vscode-is-new-app-install=false vscode-session-id=b49052ca-ea24-457c-b2b4-d24933f097f71626333808333 vscode-language=en vscode-app-name=Visual Studio Code - Insiders vscode-beta-channel-enabled=true vscode-status-customization=unknown ide-restart-counter=0 --no_bootstrap
INFO [watchdog_api::wd_client] [2021-07-15T16:23:33.161473+09:00][INFO][60783 main][watchdog_api::wd_client][Some("shared/wd_api/src/wd_client.rs")][Some(74)] Initializing watchdog client...
INFO [process_setup::command_ext] [2021-07-15T16:23:33.211826+09:00][INFO][60750 watchdog spawning][process_setup::command_ext][Some("shared/process_setup/src/command_ext.rs")][Some(24)] child exited with status exit status: 0
INFO [frontend] [2021-07-15T16:23:33.227270+09:00][INFO][60783 main][frontend][Some("tabnine/frontend/src/lib.rs")][Some(82)] LSP disabled
DEBUG [server::in_app_messaging] [2021-07-15T16:23:33.530455+09:00][DEBUG][60783 main][server::in_app_messaging][Some("tabnine/server/src/in_app_messaging.rs")][Some(28)] registering in app message analytics handler
INFO [lunar_connection] [2021-07-15T16:23:33.578510+09:00][INFO][60783 lunar settings update thread (Remote)][lunar_connection][Some("tabnine/lunar_connection/src/lib.rs")][Some(514)] lunar settings update thread started (Remote)
INFO [lunar_connection] [2021-07-15T16:23:33.578566+09:00][INFO][60783 lunar settings update thread (Remote)][lunar_connection][Some("tabnine/lunar_connection/src/lib.rs")][Some(520)] lunar settings update thread exiting (Remote)
INFO [lunar_connection] [2021-07-15T16:23:33.579138+09:00][INFO][60783 lunar settings update thread (Local)][lunar_connection][Some("tabnine/lunar_connection/src/lib.rs")][Some(514)] lunar settings update thread started (Local)
INFO [lunar_connection] [2021-07-15T16:23:33.579218+09:00][INFO][60783 model hash update thread][lunar_connection][Some("tabnine/lunar_connection/src/lib.rs")][Some(627)] model hash updater starting
INFO [frontend::initialize] [2021-07-15T16:23:33.579240+09:00][INFO][60783 main][frontend::initialize][Some("tabnine/frontend/src/initialize.rs")][Some(5)] Started.
INFO [lunar_connection] [2021-07-15T16:23:33.579249+09:00][INFO][60783 lunar settings update thread (Local)][lunar_connection][Some("tabnine/lunar_connection/src/lib.rs")][Some(520)] lunar settings update thread exiting (Local)
INFO [auth::token] [2021-07-15T16:23:33.621733+09:00][INFO][60854 main][auth::token][Some("shared/auth/src/token/mod.rs")][Some(41)] token path: /Users/kazuki/Library/Preferences/TabNine/tabnine.token
WARN [auth::user] [2021-07-15T16:23:33.623822+09:00][WARN][60854 main][auth::user][Some("shared/auth/src/user/mod.rs")][Some(403)] No user token available: No such file or directory (os error 2)
INFO [lunar_local::private_model] [2021-07-15T16:23:33.623987+09:00][INFO][60854 main][lunar_local::private_model][Some("deep/lunar_local/src/private_model/mod.rs")][Some(85)] No private model found
INFO [lunar_local::private_model] [2021-07-15T16:23:33.624072+09:00][INFO][60854 private model manager][lunar_local::private_model][Some("deep/lunar_local/src/private_model/mod.rs")][Some(110)] Starting private model update thread
INFO [lunar_local::private_model] [2021-07-15T16:23:33.624246+09:00][INFO][60854 private model manager][lunar_local::private_model][Some("deep/lunar_local/src/private_model/mod.rs")][Some(124)] Checking if private model changed
ERROR [lunar_local::private_model] [2021-07-15T16:23:33.628882+09:00][ERROR][60854 private model manager][lunar_local::private_model][Some("deep/lunar_local/src/private_model/mod.rs")][Some(222)] Failed to remove private models from cache: No such file or directory (os error 2)
INFO [watchdog_api::wd_client] [2021-07-15T16:23:33.631332+09:00][INFO][60854 main][watchdog_api::wd_client][Some("shared/wd_api/src/wd_client.rs")][Some(74)] Initializing watchdog client...
INFO [lunar_endpoints::local::server] [2021-07-15T16:23:33.696788+09:00][INFO][60854 Local Connections Acceptor][lunar_endpoints::local::server][Some("deep/lunar_endpoints/src/local/server.rs")][Some(98)] Got new local client connection 127.0.0.1:49407
INFO [lunar_local::bridge] [2021-07-15T16:23:33.821780+09:00][INFO][60854 local-forwarder][lunar_local::bridge][Some("deep/lunar_local/src/bridge.rs")][Some(128)] TabNine Local communication thread started.
INFO [lunar_local::bridge] [2021-07-15T16:23:33.821877+09:00][INFO][60854 local-forwarder][lunar_local::bridge][Some("deep/lunar_local/src/bridge.rs")][Some(95)] Loading model...
INFO [bootstrapper::bootstrapper_lib] [2021-07-15T16:23:34.467606+09:00][INFO][60750 bootstrapper_main_run_loop][bootstrapper::bootstrapper_lib][Some("tabnine/bootstrapper/src/bootstrapper_lib.rs")][Some(256)] current version is Some(Version { major: 3, minor: 5, patch: 27, pre: [], build: [] }), spawned version is Some(Version { major: 3, minor: 5, patch: 27, pre: [], build: [] }), remote version is Version { major: 3, minor: 5, patch: 27, pre: [], build: [] }
INFO [bootstrapper::bootstrapper_lib] [2021-07-15T16:23:34.471166+09:00][INFO][60750 bootstrapper_main_run_loop][bootstrapper::bootstrapper_lib][Some("tabnine/bootstrapper/src/bootstrapper_lib.rs")][Some(328)] don't need to upgrade
INFO [lunar_local::bridge] [2021-07-15T16:23:35.345443+09:00][INFO][60854 local-forwarder][lunar_local::bridge][Some("deep/lunar_local/src/bridge.rs")][Some(99)] Done loading model (took 1.52 seconds).
INFO [lunar_local::tune] [2021-07-15T16:23:36.389429+09:00][INFO][60854 local-forwarder][lunar_local::tune][Some("deep/lunar_local/src/tune.rs")][Some(26)] Selected 3 beams.
INFO [lunar_local::tune] [2021-07-15T16:23:36.807966+09:00][INFO][60854 local-forwarder][lunar_local::tune][Some("deep/lunar_local/src/tune.rs")][Some(28)] Selected context length of 64.
INFO [TabNine] [2021-07-15T16:23:57.361455+09:00][INFO][60783 main][TabNine][Some("tabnine/frontend/src/main.rs")][Some(264)] exiting....
INFO [TabNine::bootstrap_support] [2021-07-15T16:23:58.189003+09:00][INFO][60750 bs_monitor][TabNine::bootstrap_support][Some("tabnine/frontend/src/bootstrap_support.rs")][Some(325)] child process 60783 exited...
INFO [lunar_endpoints::local::server] [2021-07-15T16:24:02.448605+09:00][INFO][60854 Local Connections Acceptor][lunar_endpoints::local::server][Some("deep/lunar_endpoints/src/local/server.rs")][Some(98)] Got new local client connection 127.0.0.1:49441
INFO [auth::token] [2021-07-15T17:23:33.851041+09:00][INFO][60854 UserSession][auth::token][Some("shared/auth/src/token/mod.rs")][Some(41)] token path: /Users/kazuki/Library/Preferences/TabNine/tabnine.token
INFO [lunar_local::private_model] [2021-07-15T17:23:33.853339+09:00][INFO][60854 private model manager][lunar_local::private_model][Some("deep/lunar_local/src/private_model/mod.rs")][Some(124)] Checking if private model changed
ERROR [lunar_local::private_model] [2021-07-15T17:23:33.853660+09:00][ERROR][60854 private model manager][lunar_local::private_model][Some("deep/lunar_local/src/private_model/mod.rs")][Some(222)] Failed to remove private models from cache: No such file or directory (os error 2)
